[debug] [2023-12-18T19:38:11.747Z] ----------------------------------------------------------------------
[debug] [2023-12-18T19:38:11.751Z] Command:       C:\Program Files\nodejs\node.exe C:\Users\Yani\AppData\Roaming\npm\node_modules\firebase-tools\lib\bin\firebase.js init
[debug] [2023-12-18T19:38:11.752Z] CLI Version:   13.0.2
[debug] [2023-12-18T19:38:11.752Z] Platform:      win32
[debug] [2023-12-18T19:38:11.752Z] Node Version:  v20.1.0
[debug] [2023-12-18T19:38:11.752Z] Time:          Mon Dec 18 2023 16:38:11 GMT-0300 (hora estándar de Argentina)
[debug] [2023-12-18T19:38:11.752Z] ----------------------------------------------------------------------
[debug] 
[debug] [2023-12-18T19:38:11.758Z] > command requires scopes: ["email","openid","https://www.googleapis.com/auth/cloudplatformprojects.readonly","https://www.googleapis.com/auth/firebase","https://www.googleapis.com/auth/cloud-platform"]
[debug] [2023-12-18T19:38:11.758Z] > authorizing via signed-in user (silsilva.89@gmail.com)
[info] 
     ######## #### ########  ######## ########     ###     ######  ########
     ##        ##  ##     ## ##       ##     ##  ##   ##  ##       ##
     ######    ##  ########  ######   ########  #########  ######  ######
     ##        ##  ##    ##  ##       ##     ## ##     ##       ## ##
     ##       #### ##     ## ######## ########  ##     ##  ######  ########

You're about to initialize a Firebase project in this directory:

  C:\Users\Yani\Desktop\api8

[info] 
=== Project Setup
[info] 
[info] First, let's associate this project directory with a Firebase project.
[info] You can create multiple project aliases by running firebase use --add, 
[info] but for now we'll just set up a default project.
[info] 
[debug] [2023-12-18T19:38:41.471Z] >>> [apiv2][query] GET https://firebase.googleapis.com/v1beta1/projects pageSize=100
[debug] [2023-12-18T19:38:42.398Z] <<< [apiv2][status] GET https://firebase.googleapis.com/v1beta1/projects 200
[debug] [2023-12-18T19:38:42.398Z] <<< [apiv2][body] GET https://firebase.googleapis.com/v1beta1/projects [omitted]
[info] i  Using project dwf-m8-318f8 (dwf-m8) 
[info] 
=== Hosting Setup
[debug] [2023-12-18T19:38:48.990Z] >>> [apiv2][query] GET https://firebase.googleapis.com/v1beta1/projects/dwf-m8-318f8 [none]
[debug] [2023-12-18T19:38:49.320Z] <<< [apiv2][status] GET https://firebase.googleapis.com/v1beta1/projects/dwf-m8-318f8 200
[debug] [2023-12-18T19:38:49.321Z] <<< [apiv2][body] GET https://firebase.googleapis.com/v1beta1/projects/dwf-m8-318f8 {"projectId":"dwf-m8-318f8","projectNumber":"20110667580","displayName":"dwf-m8","name":"projects/dwf-m8-318f8","resources":{"hostingSite":"dwf-m8-318f8"},"state":"ACTIVE","etag":"1_efc2bb3b-995f-4083-aee5-2d4534a7eca0"}
[info] 
[info] Your public directory is the folder (relative to your project directory) that
[info] will contain Hosting assets to be uploaded with firebase deploy. If you
[info] have a build process for your assets, use your build's output directory.
[info] 
[debug] [2023-12-18T19:44:13.068Z] >>> [apiv2][query] GET https://www.gstatic.com/firebasejs/releases.json [none]
[debug] [2023-12-18T19:44:13.155Z] <<< [apiv2][status] GET https://www.gstatic.com/firebasejs/releases.json 200
[debug] [2023-12-18T19:44:13.155Z] <<< [apiv2][body] GET https://www.gstatic.com/firebasejs/releases.json {"current":{"version":"10.7.1","browserURL":"https://www.gstatic.com/firebasejs/10.7.1/firebase.js","packageURL":"https://www.gstatic.com/firebasejs/10.7.1/firebase.tgz"},"live":{"version":"10.7","browserURL":"https://www.gstatic.com/firebasejs/live/10.7/firebase.js","packageURL":"https://www.gstatic.com/firebasejs/live/10.7/firebase.tgz"},"components":{"analytics":"https://www.gstatic.com/firebasejs/10.7.1/firebase-analytics.js","app":"https://www.gstatic.com/firebasejs/10.7.1/firebase-app.js","app-check":"https://www.gstatic.com/firebasejs/10.7.1/firebase-app-check.js","auth":"https://www.gstatic.com/firebasejs/10.7.1/firebase-auth.js","auth/cordova":"https://www.gstatic.com/firebasejs/10.7.1/firebase-auth/cordova.js","functions":"https://www.gstatic.com/firebasejs/10.7.1/firebase-functions.js","firestore":"https://www.gstatic.com/firebasejs/10.7.1/firebase-firestore.js","firestore/lite":"https://www.gstatic.com/firebasejs/10.7.1/firebase-firestore/lite.js","installations":"https://www.gstatic.com/firebasejs/10.7.1/firebase-installations.js","storage":"https://www.gstatic.com/firebasejs/10.7.1/firebase-storage.js","performance":"https://www.gstatic.com/firebasejs/10.7.1/firebase-performance.js","remote-config":"https://www.gstatic.com/firebasejs/10.7.1/firebase-remote-config.js","messaging":"https://www.gstatic.com/firebasejs/10.7.1/firebase-messaging.js","messaging/sw":"https://www.gstatic.com/firebasejs/10.7.1/firebase-messaging/sw.js","database":"https://www.gstatic.com/firebasejs/10.7.1/firebase-database.js","firestore.memory":"https://www.gstatic.com/firebasejs/10.7.1/firebase-firestore.memory.js"}}
[info] i  Skipping write of ./index.html 
[info] 
[info] i  Detected a .git folder at C:\Users\Yani 
[info] i  Authorizing with GitHub to upload your service account to a GitHub repository's secrets store. 
[info] 
[info] Visit this URL on this device to log in:
[info] https://github.com/login/oauth/authorize?client_id=89cf50f02ac6aaed3484&state=924648038&redirect_uri=http%3A%2F%2Flocalhost%3A9005&scope=read%3Auser%20repo%20public_repo
[info] 
[info] Waiting for authentication...
[debug] [2023-12-18T19:44:46.934Z] >>> [apiv2][query] POST https://github.com/login/oauth/access_token [none]
[debug] [2023-12-18T19:44:46.934Z] >>> [apiv2][body] POST https://github.com/login/oauth/access_token [stream]
[debug] [2023-12-18T19:44:47.307Z] <<< [apiv2][status] POST https://github.com/login/oauth/access_token 200
[debug] [2023-12-18T19:44:47.307Z] <<< [apiv2][body] POST https://github.com/login/oauth/access_token {"access_token":"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","token_type":"bearer","scope":"read:user,repo"}
[debug] [2023-12-18T19:44:47.323Z] >>> [apiv2][query] GET https://api.github.com/user [none]
[debug] [2023-12-18T19:44:47.722Z] <<< [apiv2][status] GET https://api.github.com/user 200
[debug] [2023-12-18T19:44:47.723Z] <<< [apiv2][body] GET https://api.github.com/user {"login":"silsilva","id":79480678,"node_id":"MDQ6VXNlcjc5NDgwNjc4","avatar_url":"https://avatars.githubusercontent.com/u/79480678?v=4","gravatar_id":"","url":"https://api.github.com/users/silsilva","html_url":"https://github.com/silsilva","followers_url":"https://api.github.com/users/silsilva/followers","following_url":"https://api.github.com/users/silsilva/following{/other_user}","gists_url":"https://api.github.com/users/silsilva/gists{/gist_id}","starred_url":"https://api.github.com/users/silsilva/starred{/owner}{/repo}","subscriptions_url":"https://api.github.com/users/silsilva/subscriptions","organizations_url":"https://api.github.com/users/silsilva/orgs","repos_url":"https://api.github.com/users/silsilva/repos","events_url":"https://api.github.com/users/silsilva/events{/privacy}","received_events_url":"https://api.github.com/users/silsilva/received_events","type":"User","site_admin":false,"name":"Sil","company":null,"blog":"","location":null,"email":null,"hireable":null,"bio":null,"twitter_username":null,"public_repos":19,"public_gists":1,"followers":0,"following":0,"created_at":"2021-02-22T20:31:08Z","updated_at":"2023-12-18T19:44:51Z","private_gists":0,"total_private_repos":2,"owned_private_repos":2,"disk_usage":5491,"collaborators":0,"two_factor_authentication":false,"plan":{"name":"free","space":976562499,"collaborators":0,"private_repos":10000}}
[info] 
[info] +  Success! Logged into GitHub as silsilva 
[info] 
